INFO 2025-12-06 08:46:53 db_utils.py:102 [1m[34mLogs will be synced with wandb.[0m
INFO 2025-12-06 08:46:53 db_utils.py:103 Track this run --> [1m[33mhttps://wandb.ai/kiyodai02-meiji/lerobot/runs/0dtgxr32[0m
INFO 2025-12-06 08:46:53 ot_train.py:183 Creating dataset
stats.json: 13.0kB [00:00, 30.8MB/s]                      | 0/4 [00:00<?, ?it/s]
info.json: 3.23kB [00:00, 16.9MB/s]                 | 0.00/2.19k [00:00<?, ?B/s]
meta/tasks.parquet: 100%|â–ˆâ–ˆâ–ˆâ–ˆâ–ˆâ–ˆâ–ˆâ–ˆâ–ˆâ–ˆâ–ˆâ–ˆâ–ˆâ–ˆâ–ˆâ–ˆâ–ˆâ–ˆ| 2.19k/2.19k [00:00<00:00, 6.06kB/s]
meta/episodes/chunk-000/file-000.parquet: 100%|â–ˆ| 185k/185k [00:00<00:00, 482kB/
Fetching 4 files: 100%|â–ˆâ–ˆâ–ˆâ–ˆâ–ˆâ–ˆâ–ˆâ–ˆâ–ˆâ–ˆâ–ˆâ–ˆâ–ˆâ–ˆâ–ˆâ–ˆâ–ˆâ–ˆâ–ˆâ–ˆâ–ˆâ–ˆâ–ˆâ–ˆâ–ˆâ–ˆâ–ˆ| 4/4 [00:00<00:00,  7.46it/s]
.gitattributes: 2.46kB [00:00, 12.7MB/s]                  | 0/9 [00:00<?, ?it/s]
README.md: 3.72kB [00:00, 19.2MB/s]               | 1/9 [00:00<00:01,  4.88it/s]
data/chunk-000/file-000.parquet: 100%|â–ˆâ–ˆâ–ˆâ–ˆâ–ˆ| 1.54M/1.54M [00:00<00:00, 11.8MB/s]
videos/observation.images.top/chunk-000/(â€¦): 100%|â–ˆ| 427M/427M [00:01<00:00, 293
videos/observation.images.wrist/chunk-00(â€¦): 100%|â–ˆ| 467M/467M [00:01<00:00, 307
Fetching 9 files: 100%|â–ˆâ–ˆâ–ˆâ–ˆâ–ˆâ–ˆâ–ˆâ–ˆâ–ˆâ–ˆâ–ˆâ–ˆâ–ˆâ–ˆâ–ˆâ–ˆâ–ˆâ–ˆâ–ˆâ–ˆâ–ˆâ–ˆâ–ˆâ–ˆâ–ˆâ–ˆâ–ˆ| 9/9 [00:01<00:00,  5.29it/s]
INFO 2025-12-06 08:46:56 ot_train.py:202 Creating policyM/427M [00:01<00:00, 379
INFO 2025-12-06 08:46:57 ot_train.py:247 Creating optimizer and scheduler
INFO 2025-12-06 08:46:57 ot_train.py:259 [1m[33mOutput dir:[0m outputs/train/serve_cucumber_roll
INFO 2025-12-06 08:46:57 ot_train.py:262 cfg.steps=10000 (10K)
INFO 2025-12-06 08:46:57 ot_train.py:263 dataset.num_frames=37245 (37K)
INFO 2025-12-06 08:46:57 ot_train.py:264 dataset.num_episodes=40
INFO 2025-12-06 08:46:57 ot_train.py:267 Effective batch size: 64 x 1 = 64
INFO 2025-12-06 08:46:57 ot_train.py:268 num_learnable_params=51597190 (52M)
INFO 2025-12-06 08:46:57 ot_train.py:269 num_total_params=51597190 (52M)
INFO 2025-12-06 08:46:57 ot_train.py:324 Start offline training on a fixed dataset
INFO 2025-12-06 08:48:43 ot_train.py:351 step:200 smpl:13K ep:14 epch:0.34 loss:5.694 grdn:83.422 lr:1.0e-05 updt_s:0.509 data_s:0.020
INFO 2025-12-06 08:49:36 ot_train.py:351 step:400 smpl:26K ep:27 epch:0.69 loss:2.165 grdn:41.955 lr:1.0e-05 updt_s:0.257 data_s:0.009
INFO 2025-12-06 08:57:53 ot_train.py:351 step:600 smpl:38K ep:41 epch:1.03 loss:1.704 grdn:37.740 lr:1.0e-05 updt_s:2.457 data_s:0.025
INFO 2025-12-06 08:58:46 ot_train.py:351 step:800 smpl:51K ep:55 epch:1.37 loss:1.368 grdn:34.166 lr:1.0e-05 updt_s:0.255 data_s:0.009
INFO 2025-12-06 08:59:39 ot_train.py:351 step:1K smpl:64K ep:69 epch:1.72 loss:1.096 grdn:28.727 lr:1.0e-05 updt_s:0.256 data_s:0.009
INFO 2025-12-06 08:59:39 ot_train.py:361 Checkpoint policy after step 1000
INFO 2025-12-06 09:00:37 ot_train.py:351 step:1K smpl:77K ep:82 epch:2.06 loss:0.883 grdn:27.019 lr:1.0e-05 updt_s:0.256 data_s:0.029
INFO 2025-12-06 09:01:30 ot_train.py:351 step:1K smpl:90K ep:96 epch:2.41 loss:0.717 grdn:24.360 lr:1.0e-05 updt_s:0.256 data_s:0.009
INFO 2025-12-06 09:02:24 ot_train.py:351 step:2K smpl:102K ep:110 epch:2.75 loss:0.588 grdn:23.018 lr:1.0e-05 updt_s:0.257 data_s:0.009
INFO 2025-12-06 09:03:21 ot_train.py:351 step:2K smpl:115K ep:124 epch:3.09 loss:0.488 grdn:20.494 lr:1.0e-05 updt_s:0.255 data_s:0.030
INFO 2025-12-06 09:04:14 ot_train.py:351 step:2K smpl:128K ep:137 epch:3.44 loss:0.414 grdn:19.512 lr:1.0e-05 updt_s:0.255 data_s:0.009
INFO 2025-12-06 09:04:14 ot_train.py:361 Checkpoint policy after step 2000
INFO 2025-12-06 09:05:08 ot_train.py:351 step:2K smpl:141K ep:151 epch:3.78 loss:0.357 grdn:17.862 lr:1.0e-05 updt_s:0.255 data_s:0.009
INFO 2025-12-06 09:06:06 ot_train.py:351 step:2K smpl:154K ep:165 epch:4.12 loss:0.314 grdn:17.343 lr:1.0e-05 updt_s:0.256 data_s:0.033
INFO 2025-12-06 09:06:59 ot_train.py:351 step:3K smpl:166K ep:179 epch:4.47 loss:0.283 grdn:16.754 lr:1.0e-05 updt_s:0.256 data_s:0.009
INFO 2025-12-06 09:07:52 ot_train.py:351 step:3K smpl:179K ep:192 epch:4.81 loss:0.259 grdn:16.457 lr:1.0e-05 updt_s:0.256 data_s:0.009
INFO 2025-12-06 09:08:50 ot_train.py:351 step:3K smpl:192K ep:206 epch:5.16 loss:0.241 grdn:15.503 lr:1.0e-05 updt_s:0.257 data_s:0.033
INFO 2025-12-06 09:08:50 ot_train.py:361 Checkpoint policy after step 3000
INFO 2025-12-06 09:09:45 ot_train.py:351 step:3K smpl:205K ep:220 epch:5.50 loss:0.223 grdn:14.746 lr:1.0e-05 updt_s:0.256 data_s:0.009
INFO 2025-12-06 09:10:38 ot_train.py:351 step:3K smpl:218K ep:234 epch:5.84 loss:0.210 grdn:14.510 lr:1.0e-05 updt_s:0.256 data_s:0.009
INFO 2025-12-06 09:11:36 ot_train.py:351 step:4K smpl:230K ep:247 epch:6.19 loss:0.197 grdn:13.307 lr:1.0e-05 updt_s:0.256 data_s:0.034
INFO 2025-12-06 09:12:29 ot_train.py:351 step:4K smpl:243K ep:261 epch:6.53 loss:0.188 grdn:13.270 lr:1.0e-05 updt_s:0.256 data_s:0.009
INFO 2025-12-06 09:13:22 ot_train.py:351 step:4K smpl:256K ep:275 epch:6.87 loss:0.179 grdn:13.085 lr:1.0e-05 updt_s:0.256 data_s:0.009
INFO 2025-12-06 09:13:22 ot_train.py:361 Checkpoint policy after step 4000
INFO 2025-12-06 09:14:21 ot_train.py:351 step:4K smpl:269K ep:289 epch:7.22 loss:0.171 grdn:12.483 lr:1.0e-05 updt_s:0.257 data_s:0.032
INFO 2025-12-06 09:15:14 ot_train.py:351 step:4K smpl:282K ep:302 epch:7.56 loss:0.165 grdn:12.525 lr:1.0e-05 updt_s:0.256 data_s:0.009
INFO 2025-12-06 09:16:07 ot_train.py:351 step:5K smpl:294K ep:316 epch:7.90 loss:0.159 grdn:11.706 lr:1.0e-05 updt_s:0.256 data_s:0.009
INFO 2025-12-06 09:17:05 ot_train.py:351 step:5K smpl:307K ep:330 epch:8.25 loss:0.153 grdn:11.797 lr:1.0e-05 updt_s:0.256 data_s:0.035
INFO 2025-12-06 09:17:58 ot_train.py:351 step:5K smpl:320K ep:344 epch:8.59 loss:0.147 grdn:10.826 lr:1.0e-05 updt_s:0.256 data_s:0.009
INFO 2025-12-06 09:17:58 ot_train.py:361 Checkpoint policy after step 5000
INFO 2025-12-06 09:18:53 ot_train.py:351 step:5K smpl:333K ep:357 epch:8.94 loss:0.144 grdn:10.764 lr:1.0e-05 updt_s:0.255 data_s:0.009
INFO 2025-12-06 09:19:51 ot_train.py:351 step:5K smpl:346K ep:371 epch:9.28 loss:0.138 grdn:11.161 lr:1.0e-05 updt_s:0.256 data_s:0.036
INFO 2025-12-06 09:20:44 ot_train.py:351 step:6K smpl:358K ep:385 epch:9.62 loss:0.135 grdn:10.989 lr:1.0e-05 updt_s:0.256 data_s:0.009
INFO 2025-12-06 09:21:37 ot_train.py:351 step:6K smpl:371K ep:399 epch:9.97 loss:0.132 grdn:9.918 lr:1.0e-05 updt_s:0.256 data_s:0.009
INFO 2025-12-06 09:22:35 ot_train.py:351 step:6K smpl:384K ep:412 epch:10.31 loss:0.128 grdn:10.329 lr:1.0e-05 updt_s:0.256 data_s:0.034
INFO 2025-12-06 09:22:35 ot_train.py:361 Checkpoint policy after step 6000
INFO 2025-12-06 09:23:30 ot_train.py:351 step:6K smpl:397K ep:426 epch:10.65 loss:0.124 grdn:9.446 lr:1.0e-05 updt_s:0.256 data_s:0.009
INFO 2025-12-06 09:24:23 ot_train.py:351 step:6K smpl:410K ep:440 epch:11.00 loss:0.123 grdn:9.888 lr:1.0e-05 updt_s:0.256 data_s:0.009
INFO 2025-12-06 09:25:22 ot_train.py:351 step:7K smpl:422K ep:454 epch:11.34 loss:0.118 grdn:9.349 lr:1.0e-05 updt_s:0.255 data_s:0.039
INFO 2025-12-06 09:26:15 ot_train.py:351 step:7K smpl:435K ep:467 epch:11.68 loss:0.116 grdn:9.109 lr:1.0e-05 updt_s:0.256 data_s:0.009
INFO 2025-12-06 09:27:13 ot_train.py:351 step:7K smpl:448K ep:481 epch:12.03 loss:0.115 grdn:9.468 lr:1.0e-05 updt_s:0.256 data_s:0.036
INFO 2025-12-06 09:27:13 ot_train.py:361 Checkpoint policy after step 7000
INFO 2025-12-06 09:28:08 ot_train.py:351 step:7K smpl:461K ep:495 epch:12.37 loss:0.112 grdn:8.547 lr:1.0e-05 updt_s:0.255 data_s:0.009
INFO 2025-12-06 09:29:01 ot_train.py:351 step:7K smpl:474K ep:509 epch:12.72 loss:0.110 grdn:8.385 lr:1.0e-05 updt_s:0.255 data_s:0.009
INFO 2025-12-06 09:29:59 ot_train.py:351 step:8K smpl:486K ep:522 epch:13.06 loss:0.107 grdn:8.301 lr:1.0e-05 updt_s:0.256 data_s:0.034
INFO 2025-12-06 09:30:52 ot_train.py:351 step:8K smpl:499K ep:536 epch:13.40 loss:0.105 grdn:8.594 lr:1.0e-05 updt_s:0.255 data_s:0.009
INFO 2025-12-06 09:31:45 ot_train.py:351 step:8K smpl:512K ep:550 epch:13.75 loss:0.105 grdn:8.174 lr:1.0e-05 updt_s:0.255 data_s:0.009
INFO 2025-12-06 09:31:45 ot_train.py:361 Checkpoint policy after step 8000
INFO 2025-12-06 09:32:44 ot_train.py:351 step:8K smpl:525K ep:564 epch:14.09 loss:0.103 grdn:8.212 lr:1.0e-05 updt_s:0.256 data_s:0.033
INFO 2025-12-06 09:33:37 ot_train.py:351 step:8K smpl:538K ep:577 epch:14.43 loss:0.100 grdn:7.325 lr:1.0e-05 updt_s:0.255 data_s:0.009
INFO 2025-12-06 09:34:30 ot_train.py:351 step:9K smpl:550K ep:591 epch:14.78 loss:0.100 grdn:8.090 lr:1.0e-05 updt_s:0.256 data_s:0.009
INFO 2025-12-06 09:35:28 ot_train.py:351 step:9K smpl:563K ep:605 epch:15.12 loss:0.097 grdn:7.620 lr:1.0e-05 updt_s:0.255 data_s:0.036
INFO 2025-12-06 09:36:21 ot_train.py:351 step:9K smpl:576K ep:619 epch:15.47 loss:0.096 grdn:7.785 lr:1.0e-05 updt_s:0.255 data_s:0.009
INFO 2025-12-06 09:36:21 ot_train.py:361 Checkpoint policy after step 9000
INFO 2025-12-06 09:37:16 ot_train.py:351 step:9K smpl:589K ep:632 epch:15.81 loss:0.096 grdn:7.849 lr:1.0e-05 updt_s:0.256 data_s:0.009
INFO 2025-12-06 09:38:14 ot_train.py:351 step:9K smpl:602K ep:646 epch:16.15 loss:0.094 grdn:7.300 lr:1.0e-05 updt_s:0.257 data_s:0.035
INFO 2025-12-06 09:39:07 ot_train.py:351 step:10K smpl:614K ep:660 epch:16.50 loss:0.092 grdn:6.890 lr:1.0e-05 updt_s:0.255 data_s:0.009
INFO 2025-12-06 09:40:00 ot_train.py:351 step:10K smpl:627K ep:674 epch:16.84 loss:0.091 grdn:6.676 lr:1.0e-05 updt_s:0.255 data_s:0.009
INFO 2025-12-06 09:40:59 ot_train.py:351 step:10K smpl:640K ep:687 epch:17.18 loss:0.090 grdn:6.919 lr:1.0e-05 updt_s:0.256 data_s:0.037
INFO 2025-12-06 09:40:59 ot_train.py:361 Checkpoint policy after step 10000
INFO 2025-12-06 09:41:00 ot_train.py:430 End of training
Traceback (most recent call last):
  File "/opt/venv/lib/python3.12/site-packages/huggingface_hub/utils/_http.py", line 407, in hf_raise_for_status
    response.raise_for_status()
  File "/opt/venv/lib/python3.12/site-packages/requests/models.py", line 1026, in raise_for_status
    raise HTTPError(http_error_msg, response=self)
requests.exceptions.HTTPError: 403 Client Error: Forbidden for url: https://huggingface.co/api/repos/create

The above exception was the direct cause of the following exception:

Traceback (most recent call last):
  File "/opt/venv/bin/lerobot-train", line 7, in <module>
    sys.exit(main())
             ^^^^^^
  File "/workspace/lerobot/src/lerobot/scripts/lerobot_train.py", line 444, in main
    train()
  File "/workspace/lerobot/src/lerobot/configs/parser.py", line 233, in wrapper_inner
    response = fn(cfg, *args, **kwargs)
               ^^^^^^^^^^^^^^^^^^^^^^^^
  File "/workspace/lerobot/src/lerobot/scripts/lerobot_train.py", line 434, in train
    unwrapped_policy.push_model_to_hub(cfg)
  File "/workspace/lerobot/src/lerobot/policies/pretrained.py", line 211, in push_model_to_hub
    repo_id = api.create_repo(
              ^^^^^^^^^^^^^^^^
  File "/opt/venv/lib/python3.12/site-packages/huggingface_hub/utils/_validators.py", line 114, in _inner_fn
    return fn(*args, **kwargs)
           ^^^^^^^^^^^^^^^^^^^
  File "/opt/venv/lib/python3.12/site-packages/huggingface_hub/hf_api.py", line 3779, in create_repo
    raise err
  File "/opt/venv/lib/python3.12/site-packages/huggingface_hub/hf_api.py", line 3766, in create_repo
    hf_raise_for_status(r)
  File "/opt/venv/lib/python3.12/site-packages/huggingface_hub/utils/_http.py", line 471, in hf_raise_for_status
    raise _format(HfHubHTTPError, message, response) from e
huggingface_hub.errors.HfHubHTTPError: (Request ID: Root=1-6933fa2c-6c49bde91454b91a2a83dcbb;833c5ddc-d3b7-4630-afb0-2deecd58db4c)

403 Forbidden: You don't have the rights to create a model under the namespace "HaknLL".
Cannot access content at: https://huggingface.co/api/repos/create.
Make sure your token has the correct permissions.
