INFO 2025-12-06 17:33:50 db_utils.py:102 [1m[34mLogs will be synced with wandb.[0m
INFO 2025-12-06 17:33:50 db_utils.py:103 Track this run --> [1m[33mhttps://wandb.ai/kiyodai02-meiji/lerobot/runs/idlwayd2[0m
INFO 2025-12-06 17:33:50 ot_train.py:183 Creating dataset
Traceback (most recent call last):
  File "/workspace/lerobot/src/lerobot/datasets/lerobot_dataset.py", line 102, in __init__
    self.load_metadata()
  File "/workspace/lerobot/src/lerobot/datasets/lerobot_dataset.py", line 160, in load_metadata
    self.info = load_info(self.root)
                ^^^^^^^^^^^^^^^^^^^^
  File "/workspace/lerobot/src/lerobot/datasets/utils.py", line 284, in load_info
    info = load_json(local_dir / INFO_PATH)
           ^^^^^^^^^^^^^^^^^^^^^^^^^^^^^^^^
  File "/workspace/lerobot/src/lerobot/datasets/utils.py", line 251, in load_json
    with open(fpath) as f:
         ^^^^^^^^^^^
FileNotFoundError: [Errno 2] No such file or directory: '/root/.cache/huggingface/lerobot/HankLL/ServeEggrRoll/meta/info.json'

During handling of the above exception, another exception occurred:

Traceback (most recent call last):
  File "/opt/venv/lib/python3.12/site-packages/huggingface_hub/utils/_http.py", line 407, in hf_raise_for_status
    response.raise_for_status()
  File "/opt/venv/lib/python3.12/site-packages/requests/models.py", line 1026, in raise_for_status
    raise HTTPError(http_error_msg, response=self)
requests.exceptions.HTTPError: 404 Client Error: Not Found for url: https://huggingface.co/api/datasets/HankLL/ServeEggrRoll/refs

The above exception was the direct cause of the following exception:

Traceback (most recent call last):
  File "/opt/venv/bin/lerobot-train", line 7, in <module>
    sys.exit(main())
             ^^^^^^
  File "/workspace/lerobot/src/lerobot/scripts/lerobot_train.py", line 444, in main
    train()
  File "/workspace/lerobot/src/lerobot/configs/parser.py", line 233, in wrapper_inner
    response = fn(cfg, *args, **kwargs)
               ^^^^^^^^^^^^^^^^^^^^^^^^
  File "/workspace/lerobot/src/lerobot/scripts/lerobot_train.py", line 184, in train
    dataset = make_dataset(cfg)
              ^^^^^^^^^^^^^^^^^
  File "/workspace/lerobot/src/lerobot/datasets/factory.py", line 88, in make_dataset
    ds_meta = LeRobotDatasetMetadata(
              ^^^^^^^^^^^^^^^^^^^^^^^
  File "/workspace/lerobot/src/lerobot/datasets/lerobot_dataset.py", line 105, in __init__
    self.revision = get_safe_version(self.repo_id, self.revision)
                    ^^^^^^^^^^^^^^^^^^^^^^^^^^^^^^^^^^^^^^^^^^^^^
  File "/workspace/lerobot/src/lerobot/datasets/utils.py", line 515, in get_safe_version
    hub_versions = get_repo_versions(repo_id)
                   ^^^^^^^^^^^^^^^^^^^^^^^^^^
  File "/workspace/lerobot/src/lerobot/datasets/utils.py", line 484, in get_repo_versions
    repo_refs = api.list_repo_refs(repo_id, repo_type="dataset")
                ^^^^^^^^^^^^^^^^^^^^^^^^^^^^^^^^^^^^^^^^^^^^^^^^
  File "/opt/venv/lib/python3.12/site-packages/huggingface_hub/utils/_validators.py", line 114, in _inner_fn
    return fn(*args, **kwargs)
           ^^^^^^^^^^^^^^^^^^^
  File "/opt/venv/lib/python3.12/site-packages/huggingface_hub/hf_api.py", line 3248, in list_repo_refs
    hf_raise_for_status(response)
  File "/opt/venv/lib/python3.12/site-packages/huggingface_hub/utils/_http.py", line 457, in hf_raise_for_status
    raise _format(RepositoryNotFoundError, message, response) from e
huggingface_hub.errors.RepositoryNotFoundError: 404 Client Error. (Request ID: Root=1-693468fe-08030fec5f355b8044bbcd5a;4df6d632-862f-4e78-b89a-ad22896e2a58)

Repository Not Found for url: https://huggingface.co/api/datasets/HankLL/ServeEggrRoll/refs.
Please make sure you specified the correct `repo_id` and `repo_type`.
If you are trying to access a private or gated repo, make sure you are authenticated. For more details, see https://huggingface.co/docs/huggingface_hub/authentication
