INFO 2025-12-07 01:36:12 db_utils.py:102 [1m[34mLogs will be synced with wandb.[0m
INFO 2025-12-07 01:36:12 db_utils.py:103 Track this run --> [1m[33mhttps://wandb.ai/kiyodai02-meiji/lerobot/runs/u4c65wgg[0m
INFO 2025-12-07 01:36:12 ot_train.py:183 Creating dataset
INFO 2025-12-07 01:36:13 _client.py:1025 HTTP Request: GET https://huggingface.co/api/datasets/HankLL/ServeTemuraSushi/refs "HTTP/1.1 404 Not Found"
Traceback (most recent call last):
  File "/workspace/lerobot/src/lerobot/datasets/lerobot_dataset.py", line 102, in __init__
    self.load_metadata()
  File "/workspace/lerobot/src/lerobot/datasets/lerobot_dataset.py", line 160, in load_metadata
    self.info = load_info(self.root)
                ^^^^^^^^^^^^^^^^^^^^
  File "/workspace/lerobot/src/lerobot/datasets/utils.py", line 284, in load_info
    info = load_json(local_dir / INFO_PATH)
           ^^^^^^^^^^^^^^^^^^^^^^^^^^^^^^^^
  File "/workspace/lerobot/src/lerobot/datasets/utils.py", line 251, in load_json
    with open(fpath) as f:
         ^^^^^^^^^^^
FileNotFoundError: [Errno 2] No such file or directory: '/root/.cache/huggingface/lerobot/HankLL/ServeTemuraSushi/meta/info.json'

During handling of the above exception, another exception occurred:

Traceback (most recent call last):
  File "/opt/venv/lib/python3.12/site-packages/huggingface_hub/utils/_http.py", line 657, in hf_raise_for_status
    response.raise_for_status()
  File "/opt/venv/lib/python3.12/site-packages/httpx/_models.py", line 829, in raise_for_status
    raise HTTPStatusError(message, request=request, response=self)
httpx.HTTPStatusError: Client error '404 Not Found' for url 'https://huggingface.co/api/datasets/HankLL/ServeTemuraSushi/refs'
For more information check: https://developer.mozilla.org/en-US/docs/Web/HTTP/Status/404

The above exception was the direct cause of the following exception:

Traceback (most recent call last):
  File "/opt/venv/bin/lerobot-train", line 7, in <module>
    sys.exit(main())
             ^^^^^^
  File "/workspace/lerobot/src/lerobot/scripts/lerobot_train.py", line 444, in main
    train()
  File "/workspace/lerobot/src/lerobot/configs/parser.py", line 233, in wrapper_inner
    response = fn(cfg, *args, **kwargs)
               ^^^^^^^^^^^^^^^^^^^^^^^^
  File "/workspace/lerobot/src/lerobot/scripts/lerobot_train.py", line 184, in train
    dataset = make_dataset(cfg)
              ^^^^^^^^^^^^^^^^^
  File "/workspace/lerobot/src/lerobot/datasets/factory.py", line 88, in make_dataset
    ds_meta = LeRobotDatasetMetadata(
              ^^^^^^^^^^^^^^^^^^^^^^^
  File "/workspace/lerobot/src/lerobot/datasets/lerobot_dataset.py", line 105, in __init__
    self.revision = get_safe_version(self.repo_id, self.revision)
                    ^^^^^^^^^^^^^^^^^^^^^^^^^^^^^^^^^^^^^^^^^^^^^
  File "/workspace/lerobot/src/lerobot/datasets/utils.py", line 515, in get_safe_version
    hub_versions = get_repo_versions(repo_id)
                   ^^^^^^^^^^^^^^^^^^^^^^^^^^
  File "/workspace/lerobot/src/lerobot/datasets/utils.py", line 484, in get_repo_versions
    repo_refs = api.list_repo_refs(repo_id, repo_type="dataset")
                ^^^^^^^^^^^^^^^^^^^^^^^^^^^^^^^^^^^^^^^^^^^^^^^^
  File "/opt/venv/lib/python3.12/site-packages/huggingface_hub/utils/_validators.py", line 89, in _inner_fn
    return fn(*args, **kwargs)
           ^^^^^^^^^^^^^^^^^^^
  File "/opt/venv/lib/python3.12/site-packages/huggingface_hub/hf_api.py", line 3289, in list_repo_refs
    hf_raise_for_status(response)
  File "/opt/venv/lib/python3.12/site-packages/huggingface_hub/utils/_http.py", line 710, in hf_raise_for_status
    raise _format(RepositoryNotFoundError, message, response) from e
huggingface_hub.errors.RepositoryNotFoundError: 404 Client Error. (Request ID: Root=1-6934da0c-33d587b52452c9a85822bf03;2d2365c0-ae0b-4bd2-9f92-d7525cea97c8)

Repository Not Found for url: https://huggingface.co/api/datasets/HankLL/ServeTemuraSushi/refs.
Please make sure you specified the correct `repo_id` and `repo_type`.
If you are trying to access a private or gated repo, make sure you are authenticated. For more details, see https://huggingface.co/docs/huggingface_hub/authentication
